f:\onedrive - temple university\temple university\forensic project\codes\commonitor\project1\debug\vc120.pdb
f:\onedrive - temple university\temple university\forensic project\codes\commonitor\project1\debug\vc120.idb
f:\onedrive - temple university\temple university\forensic project\codes\commonitor\project1\debug\main.obj
f:\onedrive - temple university\temple university\forensic project\codes\commonitor\project1\debug\serialport.obj
f:\onedrive - temple university\temple university\courses\matchine learning\project\commonitor\project1\debug\vc120.pdb
f:\onedrive - temple university\temple university\courses\matchine learning\project\commonitor\project1\debug\vc120.idb
f:\onedrive - temple university\temple university\courses\matchine learning\project\commonitor\project1\debug\main.obj
f:\onedrive - temple university\temple university\courses\matchine learning\project\commonitor\project1\debug\serialport.obj
f:\onedrive - temple university\temple university\forensic project\codes\commonitor\debug\comread.ilk
f:\onedrive - temple university\temple university\forensic project\codes\commonitor\debug\comread.exe
f:\onedrive - temple university\temple university\forensic project\codes\commonitor\debug\comread.pdb
f:\onedrive - temple university\temple university\courses\matchine learning\project\commonitor\debug\comread.ilk
f:\onedrive - temple university\temple university\courses\matchine learning\project\commonitor\debug\comread.exe
f:\onedrive - temple university\temple university\courses\matchine learning\project\commonitor\debug\comread.pdb
f:\onedrive - temple university\temple university\courses\matchine learning\project\commonitor\project1\debug\comread.tlog\cl.command.1.tlog
f:\onedrive - temple university\temple university\courses\matchine learning\project\commonitor\project1\debug\comread.tlog\cl.read.1.tlog
f:\onedrive - temple university\temple university\courses\matchine learning\project\commonitor\project1\debug\comread.tlog\cl.write.1.tlog
f:\onedrive - temple university\temple university\courses\matchine learning\project\commonitor\project1\debug\comread.tlog\link.command.1.tlog
f:\onedrive - temple university\temple university\courses\matchine learning\project\commonitor\project1\debug\comread.tlog\link.read.1.tlog
f:\onedrive - temple university\temple university\courses\matchine learning\project\commonitor\project1\debug\comread.tlog\link.write.1.tlog
